<?xml version="1.0" encoding="UTF-8"?>
<!-- Generated by org.testng.reporters.JUnitXMLReporter -->
<testsuite ignored="0" hostname="DESKTOP-T8B8QGB" failures="0" tests="3" name="Test" time="21.272" errors="0" timestamp="2024-05-29T21:46:47 IST">
  <testcase classname="TestCases.TestMethods_GoogleSearch" name="SearchOperation" time="3.443"/>
  <testcase classname="TestCases.TestMethods_GoogleSearch" name="verifyAndAccessFacebook" time="3.394"/>
  <testcase classname="TestCases.TestMethods_GoogleSearch" name="verifyFacebookLogin" time="9.658"/>
</testsuite> <!-- Test -->
