<?xml version="1.0" encoding="UTF-8"?>
<!-- Generated by org.testng.reporters.JUnitXMLReporter -->
<testsuite ignored="0" hostname="DESKTOP-T8B8QGB" failures="0" tests="3" name="Default test" time="24.29" errors="0" timestamp="2024-05-29T21:53:21 IST">
  <testcase classname="TestCases.TestMethods_GoogleSearch" name="SearchOperation" time="3.551"/>
  <testcase classname="TestCases.TestMethods_GoogleSearch" name="verifyAndAccessFacebook" time="3.133"/>
  <testcase classname="TestCases.TestMethods_GoogleSearch" name="verifyFacebookLogin" time="13.676"/>
</testsuite> <!-- Default test -->
