<?xml version="1.0" encoding="UTF-8"?>
<testng-results ignored="0" total="3" passed="3" failed="0" skipped="0">
  <reporter-output>
  </reporter-output>
  <suite started-at="2024-05-29T21:52:57 IST" name="Default suite" finished-at="2024-05-29T21:53:21 IST" duration-ms="24290">
    <groups>
    </groups>
    <test started-at="2024-05-29T21:52:57 IST" name="Default test" finished-at="2024-05-29T21:53:21 IST" duration-ms="24290">
      <class name="TestCases.TestMethods_GoogleSearch">
        <test-method is-config="true" signature="BeforeTestMethod()[pri:0, instance:TestCases.TestMethods_GoogleSearch@611889f4]" started-at="2024-05-29T21:52:57 IST" name="BeforeTestMethod" finished-at="2024-05-29T21:53:00 IST" duration-ms="3602" status="PASS">
          <reporter-output>
          </reporter-output>
        </test-method> <!-- BeforeTestMethod -->
        <test-method signature="SearchOperation()[pri:0, instance:TestCases.TestMethods_GoogleSearch@611889f4]" started-at="2024-05-29T21:53:00 IST" name="SearchOperation" finished-at="2024-05-29T21:53:04 IST" duration-ms="3551" status="PASS">
          <reporter-output>
          </reporter-output>
        </test-method> <!-- SearchOperation -->
        <test-method signature="verifyAndAccessFacebook()[pri:1, instance:TestCases.TestMethods_GoogleSearch@611889f4]" started-at="2024-05-29T21:53:04 IST" name="verifyAndAccessFacebook" finished-at="2024-05-29T21:53:07 IST" duration-ms="3133" status="PASS">
          <reporter-output>
          </reporter-output>
        </test-method> <!-- verifyAndAccessFacebook -->
        <test-method signature="verifyFacebookLogin()[pri:2, instance:TestCases.TestMethods_GoogleSearch@611889f4]" started-at="2024-05-29T21:53:07 IST" name="verifyFacebookLogin" finished-at="2024-05-29T21:53:21 IST" duration-ms="13676" status="PASS">
          <reporter-output>
          </reporter-output>
        </test-method> <!-- verifyFacebookLogin -->
        <test-method is-config="true" signature="afterTestMethod()[pri:0, instance:TestCases.TestMethods_GoogleSearch@611889f4]" started-at="2024-05-29T21:53:21 IST" name="afterTestMethod" finished-at="2024-05-29T21:53:21 IST" duration-ms="256" status="PASS">
          <reporter-output>
          </reporter-output>
        </test-method> <!-- afterTestMethod -->
      </class> <!-- TestCases.TestMethods_GoogleSearch -->
    </test> <!-- Default test -->
  </suite> <!-- Default suite -->
</testng-results>
